<?xml version="1.0" encoding="UTF-8"?>
<testsuites tests="1" failures="0" disabled="0" errors="0" time="42.408" timestamp="2025-02-13T17:24:31.627" name="AllTests">
  <testsuite name="GraphicsTextTest" tests="1" failures="0" disabled="0" skipped="0" errors="0" time="41.152" timestamp="2025-02-13T17:24:32.797">
    <testcase name="TestColorSections" file="D:\Dev\Personal\OpenXcom\src\Tests\Engine\Graphics\Primitives\TestText.cpp" line="92" status="run" result="completed" time="41.151" timestamp="2025-02-13T17:24:32.797" classname="GraphicsTextTest" />
  </testsuite>
</testsuites>
